"2022-08-18 08:29:42 [restartedMain] INFO  c.c.d.DailyMutualFundNavApplication - Starting DailyMutualFundNavApplication using Java 18.0.1.1 on Harika-Dell with PID 22888 (C:\Users\harik\Downloads\Portfolio-Management-master\Portfolio-Management-master\Back-End Spring-Boot\DailyMutualFundNAV\DailyMutualFundNAV\target\classes started by harik in C:\Users\harik\Downloads\Portfolio-Management-master\Portfolio-Management-master\Back-End Spring-Boot\DailyMutualFundNAV\DailyMutualFundNAV)
""2022-08-18 08:29:42 [restartedMain] INFO  c.c.d.DailyMutualFundNavApplication - No active profile set, falling back to 1 default profile: "default"
""2022-08-18 08:29:42 [restartedMain] INFO  o.s.b.d.e.DevToolsPropertyDefaultsPostProcessor - Devtools property defaults active! Set 'spring.devtools.add-properties' to 'false' to disable
""2022-08-18 08:29:42 [restartedMain] INFO  o.s.b.d.e.DevToolsPropertyDefaultsPostProcessor - For additional web related logging consider setting the 'logging.level.web' property to 'DEBUG'
""2022-08-18 08:29:49 [restartedMain] INFO  o.s.d.r.c.RepositoryConfigurationDelegate - Bootstrapping Spring Data JPA repositories in DEFAULT mode.
""2022-08-18 08:29:49 [restartedMain] INFO  o.s.d.r.c.RepositoryConfigurationDelegate - Finished Spring Data repository scanning in 630 ms. Found 1 JPA repository interfaces.
""2022-08-18 08:29:52 [restartedMain] INFO  o.s.cloud.context.scope.GenericScope - BeanFactory id=558c7a96-d3db-3c61-91b5-33d0140bac02
""2022-08-18 08:29:54 [restartedMain] INFO  o.s.b.w.e.tomcat.TomcatWebServer - Tomcat initialized with port(s): 8083 (http)
""2022-08-18 08:29:54 [restartedMain] INFO  o.a.catalina.core.StandardService - Starting service [Tomcat]
""2022-08-18 08:29:54 [restartedMain] INFO  o.a.catalina.core.StandardEngine - Starting Servlet engine: [Apache Tomcat/9.0.58]
""2022-08-18 08:29:56 [restartedMain] INFO  o.a.c.c.C.[Tomcat].[localhost].[/] - Initializing Spring embedded WebApplicationContext
""2022-08-18 08:29:56 [restartedMain] INFO  o.s.b.w.s.c.ServletWebServerApplicationContext - Root WebApplicationContext: initialization completed in 13379 ms
""2022-08-18 08:29:56 [restartedMain] INFO  com.zaxxer.hikari.HikariDataSource - HikariPool-1 - Starting...
""2022-08-18 08:29:56 [restartedMain] INFO  com.zaxxer.hikari.HikariDataSource - HikariPool-1 - Start completed.
""2022-08-18 08:29:56 [restartedMain] INFO  o.s.b.a.h.H2ConsoleAutoConfiguration - H2 console available at '/h2-console'. Database available at 'jdbc:h2:mem:pms'
""2022-08-18 08:30:01 [restartedMain] INFO  o.h.jpa.internal.util.LogHelper - HHH000204: Processing PersistenceUnitInfo [name: default]
""2022-08-18 08:30:01 [restartedMain] INFO  org.hibernate.Version - HHH000412: Hibernate ORM core version 5.6.5.Final
""2022-08-18 08:30:02 [restartedMain] INFO  o.h.annotations.common.Version - HCANN000001: Hibernate Commons Annotations {5.1.2.Final}
""2022-08-18 08:30:02 [restartedMain] INFO  org.hibernate.dialect.Dialect - HHH000400: Using dialect: org.hibernate.dialect.H2Dialect
""2022-08-18 08:30:05 [restartedMain] INFO  o.h.e.t.j.p.i.JtaPlatformInitiator - HHH000490: Using JtaPlatform implementation: [org.hibernate.engine.transaction.jta.platform.internal.NoJtaPlatform]
""2022-08-18 08:30:05 [restartedMain] INFO  o.s.o.j.LocalContainerEntityManagerFactoryBean - Initialized JPA EntityManagerFactory for persistence unit 'default'
""2022-08-18 08:30:06 [restartedMain] WARN  o.s.b.a.o.j.JpaBaseConfiguration$JpaWebConfiguration - spring.jpa.open-in-view is enabled by default. Therefore, database queries may be performed during view rendering. Explicitly configure spring.jpa.open-in-view to disable this warning
""2022-08-18 08:30:06 [restartedMain] WARN  o.s.b.d.a.OptionalLiveReloadServer - Unable to start LiveReload server
""2022-08-18 08:30:09 [restartedMain] INFO  o.s.c.n.e.c.DiscoveryClientOptionalArgsConfiguration - Eureka HTTP Client uses RestTemplate.
""2022-08-18 08:30:09 [restartedMain] WARN  o.s.c.l.c.LoadBalancerCacheAutoConfiguration$LoadBalancerCaffeineWarnLogger - Spring Cloud LoadBalancer is currently working with the default cache. While this cache implementation is useful for development and tests, it's recommended to use Caffeine cache in production.You can switch to using Caffeine cache, by adding it and org.springframework.cache.caffeine.CaffeineCacheManager to the classpath.
""2022-08-18 08:30:10 [restartedMain] INFO  o.s.c.n.eureka.InstanceInfoFactory - Setting initial instance status as: STARTING
""2022-08-18 08:30:10 [restartedMain] INFO  c.netflix.discovery.DiscoveryClient - Initializing Eureka in region us-east-1
""2022-08-18 08:30:10 [restartedMain] INFO  c.n.d.s.r.aws.ConfigClusterResolver - Resolving eureka endpoints via configuration
""2022-08-18 08:30:10 [restartedMain] INFO  c.netflix.discovery.DiscoveryClient - Disable delta property : false
""2022-08-18 08:30:10 [restartedMain] INFO  c.netflix.discovery.DiscoveryClient - Single vip registry refresh property : null
""2022-08-18 08:30:10 [restartedMain] INFO  c.netflix.discovery.DiscoveryClient - Force full registry fetch : false
""2022-08-18 08:30:10 [restartedMain] INFO  c.netflix.discovery.DiscoveryClient - Application is null : false
""2022-08-18 08:30:10 [restartedMain] INFO  c.netflix.discovery.DiscoveryClient - Registered Applications size is zero : true
""2022-08-18 08:30:10 [restartedMain] INFO  c.netflix.discovery.DiscoveryClient - Application version is -1: true
""2022-08-18 08:30:10 [restartedMain] INFO  c.netflix.discovery.DiscoveryClient - Getting all instance registry info from the eureka server
""2022-08-18 08:30:15 [restartedMain] INFO  c.netflix.discovery.DiscoveryClient - The response status is 200
""2022-08-18 08:30:15 [restartedMain] INFO  c.netflix.discovery.DiscoveryClient - Starting heartbeat executor: renew interval is: 30
""2022-08-18 08:30:15 [restartedMain] INFO  c.n.discovery.InstanceInfoReplicator - InstanceInfoReplicator onDemand update allowed rate per min is 4
""2022-08-18 08:30:15 [restartedMain] INFO  c.netflix.discovery.DiscoveryClient - Discovery Client initialized at timestamp 1660791615405 with initial instances count: 0
""2022-08-18 08:30:15 [restartedMain] INFO  o.s.c.n.e.s.EurekaServiceRegistry - Registering application DAILYMUTUAL-SERVICE with eureka with status UP
""2022-08-18 08:30:15 [restartedMain] INFO  c.netflix.discovery.DiscoveryClient - Saw local status change event StatusChangeEvent [timestamp=1660791615414, current=UP, previous=STARTING]
""2022-08-18 08:30:15 [DiscoveryClient-InstanceInfoReplicator-0] INFO  c.netflix.discovery.DiscoveryClient - DiscoveryClient_DAILYMUTUAL-SERVICE/Harika-Dell:dailymutual-service:8083: registering service...
""2022-08-18 08:30:15 [restartedMain] INFO  o.s.b.w.e.tomcat.TomcatWebServer - Tomcat started on port(s): 8083 (http) with context path ''
""2022-08-18 08:30:15 [restartedMain] INFO  o.s.c.n.e.s.EurekaAutoServiceRegistration - Updating port to 8083
""2022-08-18 08:30:15 [DiscoveryClient-InstanceInfoReplicator-0] INFO  c.netflix.discovery.DiscoveryClient - DiscoveryClient_DAILYMUTUAL-SERVICE/Harika-Dell:dailymutual-service:8083 - registration status: 204
""2022-08-18 08:30:16 [restartedMain] INFO  c.c.d.DailyMutualFundNavApplication - Started DailyMutualFundNavApplication in 38.253 seconds (JVM running for 50.408)
""2022-08-18 08:30:45 [DiscoveryClient-CacheRefreshExecutor-0] INFO  c.netflix.discovery.DiscoveryClient - Disable delta property : false
""2022-08-18 08:30:45 [DiscoveryClient-CacheRefreshExecutor-0] INFO  c.netflix.discovery.DiscoveryClient - Single vip registry refresh property : null
""2022-08-18 08:30:45 [DiscoveryClient-CacheRefreshExecutor-0] INFO  c.netflix.discovery.DiscoveryClient - Force full registry fetch : false
""2022-08-18 08:30:45 [DiscoveryClient-CacheRefreshExecutor-0] INFO  c.netflix.discovery.DiscoveryClient - Application is null : false
""2022-08-18 08:30:45 [DiscoveryClient-CacheRefreshExecutor-0] INFO  c.netflix.discovery.DiscoveryClient - Registered Applications size is zero : true
""2022-08-18 08:30:45 [DiscoveryClient-CacheRefreshExecutor-0] INFO  c.netflix.discovery.DiscoveryClient - Application version is -1: false
""2022-08-18 08:30:45 [DiscoveryClient-CacheRefreshExecutor-0] INFO  c.netflix.discovery.DiscoveryClient - Getting all instance registry info from the eureka server
""2022-08-18 08:30:45 [DiscoveryClient-CacheRefreshExecutor-0] INFO  c.netflix.discovery.DiscoveryClient - The response status is 200
""2022-08-18 08:35:10 [AsyncResolver-bootstrap-executor-0] INFO  c.n.d.s.r.aws.ConfigClusterResolver - Resolving eureka endpoints via configuration
""2022-08-18 08:40:10 [AsyncResolver-bootstrap-executor-0] INFO  c.n.d.s.r.aws.ConfigClusterResolver - Resolving eureka endpoints via configuration
""2022-08-18 08:45:10 [AsyncResolver-bootstrap-executor-0] INFO  c.n.d.s.r.aws.ConfigClusterResolver - Resolving eureka endpoints via configuration
""2022-08-18 08:46:38 [http-nio-8083-exec-2] INFO  o.a.c.c.C.[Tomcat].[localhost].[/] - Initializing Spring DispatcherServlet 'dispatcherServlet'
""2022-08-18 08:46:38 [http-nio-8083-exec-2] INFO  o.s.web.servlet.DispatcherServlet - Initializing Servlet 'dispatcherServlet'
""2022-08-18 08:46:38 [http-nio-8083-exec-2] INFO  o.s.web.servlet.DispatcherServlet - Completed initialization in 116 ms
""2022-08-18 08:46:39 [http-nio-8083-exec-5] INFO  c.c.d.c.MutualFundController - Fetching MutualFund using MutualName
""2022-08-18 08:46:39 [http-nio-8083-exec-3] INFO  c.c.d.c.MutualFundController - Fetching MutualFund using MutualName
""2022-08-18 08:46:39 [http-nio-8083-exec-4] INFO  c.c.d.c.MutualFundController - Fetching MutualFund using MutualName
""2022-08-18 08:46:40 [http-nio-8083-exec-6] INFO  c.c.d.c.MutualFundController - Fetching MutualFund using MutualName
""2022-08-18 08:46:40 [http-nio-8083-exec-8] INFO  c.c.d.c.MutualFundController - Fetching MutualFund using MutualName
""2022-08-18 08:46:40 [http-nio-8083-exec-7] INFO  c.c.d.c.MutualFundController - Fetching MutualFund using MutualName
""2022-08-18 08:46:49 [http-nio-8083-exec-3] INFO  c.c.d.c.MutualFundController - Fetching MutualFund using MutualName
""2022-08-18 08:46:50 [http-nio-8083-exec-5] INFO  c.c.d.c.MutualFundController - Fetching MutualFund using MutualName
""2022-08-18 08:46:50 [http-nio-8083-exec-4] INFO  c.c.d.c.MutualFundController - Fetching MutualFund using MutualName
""2022-08-18 08:46:50 [http-nio-8083-exec-6] INFO  c.c.d.c.MutualFundController - Fetching MutualFund using MutualName
""2022-08-18 08:47:31 [RMI TCP Connection(21)-127.0.0.1] INFO  o.s.b.a.SpringApplicationAdminMXBeanRegistrar$SpringApplicationAdmin - Application shutdown requested.
""2022-08-18 08:47:31 [RMI TCP Connection(21)-127.0.0.1] INFO  o.s.c.n.e.s.EurekaServiceRegistry - Unregistering application DAILYMUTUAL-SERVICE with eureka with status DOWN
""2022-08-18 08:47:31 [RMI TCP Connection(21)-127.0.0.1] INFO  c.netflix.discovery.DiscoveryClient - Saw local status change event StatusChangeEvent [timestamp=1660792651744, current=DOWN, previous=UP]
""2022-08-18 08:47:31 [DiscoveryClient-InstanceInfoReplicator-0] INFO  c.netflix.discovery.DiscoveryClient - DiscoveryClient_DAILYMUTUAL-SERVICE/Harika-Dell:dailymutual-service:8083: registering service...
""2022-08-18 08:47:31 [DiscoveryClient-InstanceInfoReplicator-0] INFO  c.netflix.discovery.DiscoveryClient - DiscoveryClient_DAILYMUTUAL-SERVICE/Harika-Dell:dailymutual-service:8083 - registration status: 204
""2022-08-18 08:47:31 [RMI TCP Connection(21)-127.0.0.1] INFO  o.s.o.j.LocalContainerEntityManagerFactoryBean - Closing JPA EntityManagerFactory for persistence unit 'default'
""2022-08-18 08:47:32 [RMI TCP Connection(21)-127.0.0.1] WARN  o.s.b.f.s.DisposableBeanAdapter - Invocation of destroy method failed on bean with name 'inMemoryDatabaseShutdownExecutor': org.h2.jdbc.JdbcSQLNonTransientConnectionException: Database is already closed (to disable automatic closing at VM shutdown, add ";DB_CLOSE_ON_EXIT=FALSE" to the db URL) [90121-200]
""2022-08-18 08:47:32 [RMI TCP Connection(21)-127.0.0.1] INFO  com.zaxxer.hikari.HikariDataSource - HikariPool-1 - Shutdown initiated...
""2022-08-18 08:47:32 [RMI TCP Connection(21)-127.0.0.1] INFO  com.zaxxer.hikari.HikariDataSource - HikariPool-1 - Shutdown completed.
""2022-08-18 08:47:32 [RMI TCP Connection(21)-127.0.0.1] INFO  c.netflix.discovery.DiscoveryClient - Shutting down DiscoveryClient ...
""2022-08-18 08:47:35 [RMI TCP Connection(21)-127.0.0.1] INFO  c.netflix.discovery.DiscoveryClient - Unregistering ...
""2022-08-18 08:47:35 [RMI TCP Connection(21)-127.0.0.1] INFO  c.netflix.discovery.DiscoveryClient - DiscoveryClient_DAILYMUTUAL-SERVICE/Harika-Dell:dailymutual-service:8083 - deregister  status: 200
""2022-08-18 08:47:35 [RMI TCP Connection(21)-127.0.0.1] INFO  c.netflix.discovery.DiscoveryClient - Completed shut down of DiscoveryClient
"